<?xml version="1.0" encoding="UTF-8"?>
<testng-results ignored="0" total="2" passed="0" failed="2" skipped="0">
  <reporter-output>
  </reporter-output>
  <suite started-at="2023-09-13T17:44:31 IST" name="AdditionTest" finished-at="2023-09-13T17:44:31 IST" duration-ms="918">
    <groups>
      <group name="cucumber">
        <method signature="AbstractTestNGCucumberTests.runScenario(io.cucumber.testng.PickleWrapper,io.cucumber.testng.FeatureWrapper)[pri:0, instance:runner.TestRunnerTests@10aa41f2]" name="runScenario" class="io.cucumber.testng.AbstractTestNGCucumberTests"/>
      </group> <!-- cucumber -->
    </groups>
    <test started-at="2023-09-13T17:44:31 IST" name="addition screen test in android emulator" finished-at="2023-09-13T17:44:31 IST" duration-ms="918">
      <class name="runner.TestRunnerTests">
        <test-method is-config="true" signature="setUpClass(org.testng.ITestContext)[pri:0, instance:runner.TestRunnerTests@10aa41f2]" started-at="2023-09-13T17:44:31 IST" name="setUpClass" finished-at="2023-09-13T17:44:31 IST" duration-ms="468" status="PASS">
          <params>
            <param index="0">
              <value>
                <![CDATA[org.testng.TestRunner@102d92c4]]>
              </value>
            </param>
          </params>
          <reporter-output>
          </reporter-output>
        </test-method> <!-- setUpClass -->
        <test-method signature="runScenario(io.cucumber.testng.PickleWrapper,io.cucumber.testng.FeatureWrapper)[pri:0, instance:runner.TestRunnerTests@10aa41f2]" started-at="2023-09-13T17:44:31 IST" name="runScenario" description="Runs Cucumber Scenarios" data-provider="scenarios" finished-at="2023-09-13T17:44:31 IST" duration-ms="122" status="FAIL">
          <params>
            <param index="0">
              <value>
                <![CDATA["Adding two values"]]>
              </value>
            </param>
            <param index="1">
              <value>
                <![CDATA["Addition feature"]]>
              </value>
            </param>
          </params>
          <exception class="org.picocontainer.injectors.AbstractInjector$UnsatisfiableDependenciesException">
            <message>
              <![CDATA[io.appium.java_client.AppiumDriver has unsatisfied dependency 'interface org.openqa.selenium.Capabilities' for constructor 'public io.appium.java_client.AppiumDriver(org.openqa.selenium.Capabilities)' from org.picocontainer.DefaultPicoContainer@138a6c19:10<|]]>
            </message>
            <full-stacktrace>
              <![CDATA[org.picocontainer.injectors.AbstractInjector$UnsatisfiableDependenciesException: io.appium.java_client.AppiumDriver has unsatisfied dependency 'interface org.openqa.selenium.Capabilities' for constructor 'public io.appium.java_client.AppiumDriver(org.openqa.selenium.Capabilities)' from org.picocontainer.DefaultPicoContainer@138a6c19:10<|
at org.picocontainer.injectors.ConstructorInjector.getGreediestSatisfiableConstructor(ConstructorInjector.java:191)
at org.picocontainer.injectors.ConstructorInjector.getGreediestSatisfiableConstructor(ConstructorInjector.java:110)
at org.picocontainer.injectors.ConstructorInjector.access$100(ConstructorInjector.java:51)
at org.picocontainer.injectors.ConstructorInjector$1.run(ConstructorInjector.java:331)
at org.picocontainer.injectors.AbstractInjector$ThreadLocalCyclicDependencyGuard.observe(AbstractInjector.java:270)
at org.picocontainer.injectors.ConstructorInjector.getComponentInstance(ConstructorInjector.java:364)
at org.picocontainer.injectors.AbstractInjectionFactory$LifecycleAdapter.getComponentInstance(AbstractInjectionFactory.java:56)
at org.picocontainer.behaviors.AbstractBehavior.getComponentInstance(AbstractBehavior.java:64)
at org.picocontainer.behaviors.Stored.getComponentInstance(Stored.java:91)
at org.picocontainer.DefaultPicoContainer.getInstance(DefaultPicoContainer.java:699)
at org.picocontainer.DefaultPicoContainer.getComponent(DefaultPicoContainer.java:647)
at org.picocontainer.DefaultPicoContainer.getComponent(DefaultPicoContainer.java:632)
at org.picocontainer.parameters.BasicComponentParameter$1.resolveInstance(BasicComponentParameter.java:118)
at org.picocontainer.parameters.ComponentParameter$1.resolveInstance(ComponentParameter.java:136)
at org.picocontainer.injectors.SingleMemberInjector.getParameter(SingleMemberInjector.java:78)
at org.picocontainer.injectors.ConstructorInjector$CtorAndAdapters.getParameterArguments(ConstructorInjector.java:309)
at org.picocontainer.injectors.ConstructorInjector$1.run(ConstructorInjector.java:335)
at org.picocontainer.injectors.AbstractInjector$ThreadLocalCyclicDependencyGuard.observe(AbstractInjector.java:270)
at org.picocontainer.injectors.ConstructorInjector.getComponentInstance(ConstructorInjector.java:364)
at org.picocontainer.injectors.AbstractInjectionFactory$LifecycleAdapter.getComponentInstance(AbstractInjectionFactory.java:56)
at org.picocontainer.behaviors.AbstractBehavior.getComponentInstance(AbstractBehavior.java:64)
at org.picocontainer.behaviors.Stored.getComponentInstance(Stored.java:91)
at org.picocontainer.DefaultPicoContainer.getInstance(DefaultPicoContainer.java:699)
at org.picocontainer.DefaultPicoContainer.getComponent(DefaultPicoContainer.java:647)
at org.picocontainer.DefaultPicoContainer.getComponent(DefaultPicoContainer.java:678)
at io.cucumber.picocontainer.PicoFactory.getInstance(PicoFactory.java:49)
at io.cucumber.java.AbstractGlueDefinition.invokeMethod(AbstractGlueDefinition.java:47)
at io.cucumber.java.JavaStepDefinition.execute(JavaStepDefinition.java:29)
at io.cucumber.core.runner.CoreStepDefinition.execute(CoreStepDefinition.java:66)
at io.cucumber.core.runner.PickleStepDefinitionMatch.runStep(PickleStepDefinitionMatch.java:63)
at io.cucumber.core.runner.ExecutionMode$1.execute(ExecutionMode.java:10)
at io.cucumber.core.runner.TestStep.executeStep(TestStep.java:85)
at io.cucumber.core.runner.TestStep.run(TestStep.java:57)
at io.cucumber.core.runner.PickleStepTestStep.run(PickleStepTestStep.java:51)
at io.cucumber.core.runner.TestCase.run(TestCase.java:84)
at io.cucumber.core.runner.Runner.runPickle(Runner.java:75)
at io.cucumber.testng.TestNGCucumberRunner.lambda$runScenario$1(TestNGCucumberRunner.java:132)
at io.cucumber.core.runtime.CucumberExecutionContext.lambda$runTestCase$5(CucumberExecutionContext.java:129)
at io.cucumber.core.runtime.RethrowingThrowableCollector.executeAndThrow(RethrowingThrowableCollector.java:23)
at io.cucumber.core.runtime.CucumberExecutionContext.runTestCase(CucumberExecutionContext.java:129)
at io.cucumber.testng.TestNGCucumberRunner.runScenario(TestNGCucumberRunner.java:129)
at io.cucumber.testng.AbstractTestNGCucumberTests.runScenario(AbstractTestNGCucumberTests.java:35)
at java.base/jdk.internal.reflect.NativeMethodAccessorImpl.invoke0(Native Method)
at java.base/jdk.internal.reflect.NativeMethodAccessorImpl.invoke(NativeMethodAccessorImpl.java:62)
at java.base/jdk.internal.reflect.DelegatingMethodAccessorImpl.invoke(DelegatingMethodAccessorImpl.java:43)
at java.base/java.lang.reflect.Method.invoke(Method.java:566)
at org.testng.internal.invokers.MethodInvocationHelper.invokeMethod(MethodInvocationHelper.java:139)
at org.testng.internal.invokers.TestInvoker.invokeMethod(TestInvoker.java:677)
at org.testng.internal.invokers.TestInvoker.invokeTestMethod(TestInvoker.java:221)
at org.testng.internal.invokers.TestMethodWithDataProviderMethodWorker.call(TestMethodWithDataProviderMethodWorker.java:80)
at org.testng.internal.invokers.TestMethodWithDataProviderMethodWorker.call(TestMethodWithDataProviderMethodWorker.java:17)
at java.base/java.util.concurrent.FutureTask.run(FutureTask.java:264)
at java.base/java.util.concurrent.Executors$RunnableAdapter.call(Executors.java:515)
at java.base/java.util.concurrent.FutureTask.run(FutureTask.java:264)
at java.base/java.util.concurrent.ThreadPoolExecutor.runWorker(ThreadPoolExecutor.java:1128)
at java.base/java.util.concurrent.ThreadPoolExecutor$Worker.run(ThreadPoolExecutor.java:628)
at java.base/java.lang.Thread.run(Thread.java:829)
]]>
            </full-stacktrace>
          </exception> <!-- org.picocontainer.injectors.AbstractInjector$UnsatisfiableDependenciesException -->
          <reporter-output>
          </reporter-output>
        </test-method> <!-- runScenario -->
        <test-method signature="runScenario(io.cucumber.testng.PickleWrapper,io.cucumber.testng.FeatureWrapper)[pri:0, instance:runner.TestRunnerTests@10aa41f2]" started-at="2023-09-13T17:44:31 IST" name="runScenario" description="Runs Cucumber Scenarios" data-provider="scenarios" finished-at="2023-09-13T17:44:31 IST" duration-ms="122" status="FAIL">
          <params>
            <param index="0">
              <value>
                <![CDATA["Adding two values"]]>
              </value>
            </param>
            <param index="1">
              <value>
                <![CDATA["Addition feature"]]>
              </value>
            </param>
          </params>
          <exception class="org.picocontainer.injectors.AbstractInjector$UnsatisfiableDependenciesException">
            <message>
              <![CDATA[io.appium.java_client.AppiumDriver has unsatisfied dependency 'interface org.openqa.selenium.Capabilities' for constructor 'public io.appium.java_client.AppiumDriver(org.openqa.selenium.Capabilities)' from org.picocontainer.DefaultPicoContainer@1820e9ab:10<|]]>
            </message>
            <full-stacktrace>
              <![CDATA[org.picocontainer.injectors.AbstractInjector$UnsatisfiableDependenciesException: io.appium.java_client.AppiumDriver has unsatisfied dependency 'interface org.openqa.selenium.Capabilities' for constructor 'public io.appium.java_client.AppiumDriver(org.openqa.selenium.Capabilities)' from org.picocontainer.DefaultPicoContainer@1820e9ab:10<|
at org.picocontainer.injectors.ConstructorInjector.getGreediestSatisfiableConstructor(ConstructorInjector.java:191)
at org.picocontainer.injectors.ConstructorInjector.getGreediestSatisfiableConstructor(ConstructorInjector.java:110)
at org.picocontainer.injectors.ConstructorInjector.access$100(ConstructorInjector.java:51)
at org.picocontainer.injectors.ConstructorInjector$1.run(ConstructorInjector.java:331)
at org.picocontainer.injectors.AbstractInjector$ThreadLocalCyclicDependencyGuard.observe(AbstractInjector.java:270)
at org.picocontainer.injectors.ConstructorInjector.getComponentInstance(ConstructorInjector.java:364)
at org.picocontainer.injectors.AbstractInjectionFactory$LifecycleAdapter.getComponentInstance(AbstractInjectionFactory.java:56)
at org.picocontainer.behaviors.AbstractBehavior.getComponentInstance(AbstractBehavior.java:64)
at org.picocontainer.behaviors.Stored.getComponentInstance(Stored.java:91)
at org.picocontainer.DefaultPicoContainer.getInstance(DefaultPicoContainer.java:699)
at org.picocontainer.DefaultPicoContainer.getComponent(DefaultPicoContainer.java:647)
at org.picocontainer.DefaultPicoContainer.getComponent(DefaultPicoContainer.java:632)
at org.picocontainer.parameters.BasicComponentParameter$1.resolveInstance(BasicComponentParameter.java:118)
at org.picocontainer.parameters.ComponentParameter$1.resolveInstance(ComponentParameter.java:136)
at org.picocontainer.injectors.SingleMemberInjector.getParameter(SingleMemberInjector.java:78)
at org.picocontainer.injectors.ConstructorInjector$CtorAndAdapters.getParameterArguments(ConstructorInjector.java:309)
at org.picocontainer.injectors.ConstructorInjector$1.run(ConstructorInjector.java:335)
at org.picocontainer.injectors.AbstractInjector$ThreadLocalCyclicDependencyGuard.observe(AbstractInjector.java:270)
at org.picocontainer.injectors.ConstructorInjector.getComponentInstance(ConstructorInjector.java:364)
at org.picocontainer.injectors.AbstractInjectionFactory$LifecycleAdapter.getComponentInstance(AbstractInjectionFactory.java:56)
at org.picocontainer.behaviors.AbstractBehavior.getComponentInstance(AbstractBehavior.java:64)
at org.picocontainer.behaviors.Stored.getComponentInstance(Stored.java:91)
at org.picocontainer.DefaultPicoContainer.getInstance(DefaultPicoContainer.java:699)
at org.picocontainer.DefaultPicoContainer.getComponent(DefaultPicoContainer.java:647)
at org.picocontainer.DefaultPicoContainer.getComponent(DefaultPicoContainer.java:678)
at io.cucumber.picocontainer.PicoFactory.getInstance(PicoFactory.java:49)
at io.cucumber.java.AbstractGlueDefinition.invokeMethod(AbstractGlueDefinition.java:47)
at io.cucumber.java.JavaStepDefinition.execute(JavaStepDefinition.java:29)
at io.cucumber.core.runner.CoreStepDefinition.execute(CoreStepDefinition.java:66)
at io.cucumber.core.runner.PickleStepDefinitionMatch.runStep(PickleStepDefinitionMatch.java:63)
at io.cucumber.core.runner.ExecutionMode$1.execute(ExecutionMode.java:10)
at io.cucumber.core.runner.TestStep.executeStep(TestStep.java:85)
at io.cucumber.core.runner.TestStep.run(TestStep.java:57)
at io.cucumber.core.runner.PickleStepTestStep.run(PickleStepTestStep.java:51)
at io.cucumber.core.runner.TestCase.run(TestCase.java:84)
at io.cucumber.core.runner.Runner.runPickle(Runner.java:75)
at io.cucumber.testng.TestNGCucumberRunner.lambda$runScenario$1(TestNGCucumberRunner.java:132)
at io.cucumber.core.runtime.CucumberExecutionContext.lambda$runTestCase$5(CucumberExecutionContext.java:129)
at io.cucumber.core.runtime.RethrowingThrowableCollector.executeAndThrow(RethrowingThrowableCollector.java:23)
at io.cucumber.core.runtime.CucumberExecutionContext.runTestCase(CucumberExecutionContext.java:129)
at io.cucumber.testng.TestNGCucumberRunner.runScenario(TestNGCucumberRunner.java:129)
at io.cucumber.testng.AbstractTestNGCucumberTests.runScenario(AbstractTestNGCucumberTests.java:35)
at java.base/jdk.internal.reflect.NativeMethodAccessorImpl.invoke0(Native Method)
at java.base/jdk.internal.reflect.NativeMethodAccessorImpl.invoke(NativeMethodAccessorImpl.java:62)
at java.base/jdk.internal.reflect.DelegatingMethodAccessorImpl.invoke(DelegatingMethodAccessorImpl.java:43)
at java.base/java.lang.reflect.Method.invoke(Method.java:566)
at org.testng.internal.invokers.MethodInvocationHelper.invokeMethod(MethodInvocationHelper.java:139)
at org.testng.internal.invokers.TestInvoker.invokeMethod(TestInvoker.java:677)
at org.testng.internal.invokers.TestInvoker.invokeTestMethod(TestInvoker.java:221)
at org.testng.internal.invokers.TestMethodWithDataProviderMethodWorker.call(TestMethodWithDataProviderMethodWorker.java:80)
at org.testng.internal.invokers.TestMethodWithDataProviderMethodWorker.call(TestMethodWithDataProviderMethodWorker.java:17)
at java.base/java.util.concurrent.FutureTask.run(FutureTask.java:264)
at java.base/java.util.concurrent.Executors$RunnableAdapter.call(Executors.java:515)
at java.base/java.util.concurrent.FutureTask.run(FutureTask.java:264)
at java.base/java.util.concurrent.ThreadPoolExecutor.runWorker(ThreadPoolExecutor.java:1128)
at java.base/java.util.concurrent.ThreadPoolExecutor$Worker.run(ThreadPoolExecutor.java:628)
at java.base/java.lang.Thread.run(Thread.java:829)
]]>
            </full-stacktrace>
          </exception> <!-- org.picocontainer.injectors.AbstractInjector$UnsatisfiableDependenciesException -->
          <reporter-output>
          </reporter-output>
        </test-method> <!-- runScenario -->
        <test-method is-config="true" signature="tearDownClass()[pri:0, instance:runner.TestRunnerTests@10aa41f2]" started-at="2023-09-13T17:44:31 IST" name="tearDownClass" finished-at="2023-09-13T17:44:31 IST" duration-ms="49" status="PASS">
          <reporter-output>
          </reporter-output>
        </test-method> <!-- tearDownClass -->
      </class> <!-- runner.TestRunnerTests -->
    </test> <!-- addition screen test in android emulator -->
  </suite> <!-- AdditionTest -->
</testng-results>
